TpTrace Verbose: 0 : 12356, 1, 2021/11/15, 13:02:59.644, 9223058537901, datacollector.dll, Version: 17.0.0
TpTrace Information: 0 : 12356, 1, 2021/11/15, 13:02:59.666, 9223058675135, datacollector.dll, DataCollectorMain.Run: Starting data collector run with args: --port,59737,--parentprocessid,12068,--diag,C:\Users\Ehlimana\Desktop\Cvjecara\Zadatak 2\bin\Debug\net5.0\fine-code-coverage\coverage-tool-output\diagnostics.datacollector.21-11-15_13-02-59_42467_5.log,--tracelevel,4
TpTrace Information: 0 : 12356, 1, 2021/11/15, 13:02:59.666, 9223058677610, datacollector.dll, DataCollector: Monitoring parent process with id: '12068'
TpTrace Information: 0 : 12356, 1, 2021/11/15, 13:02:59.680, 9223058814495, datacollector.dll, Trying to connect to server on socket : 127.0.0.1:59737 
TpTrace Verbose: 0 : 12356, 1, 2021/11/15, 13:02:59.692, 9223058935511, datacollector.dll, SocketCommunicationManager : SetupClientAsync : Attempting to connect to the server.
TpTrace Information: 0 : 12356, 8, 2021/11/15, 13:02:59.770, 9223059717601, datacollector.dll, Connected to the server successfully 
TpTrace Information: 0 : 12356, 8, 2021/11/15, 13:02:59.771, 9223059720877, datacollector.dll, Using the buffer size of 16384 bytes
TpTrace Information: 0 : 12356, 1, 2021/11/15, 13:03:00.126, 9223063277666, datacollector.dll, DataCollector: Start Request Processing.
TpTrace Information: 0 : 12356, 1, 2021/11/15, 13:03:00.138, 9223063395424, datacollector.dll, DataCollectionRequestHandler.ProcessRequests : Datacollector received message: (DataCollection.BeforeTestRunStart) -> {
  "SettingsXml": "<RunSettings><RunConfiguration><ResultsDirectory>C:\\Users\\Ehlimana\\Desktop\\Cvjecara\\Zadatak 2\\bin\\Debug\\net5.0\\fine-code-coverage\\coverage-tool-output</ResultsDirectory><TargetPlatform>X64</TargetPlatform><TargetFrameworkVersion>.NETCoreApp,Version=v5.0</TargetFrameworkVersion><DesignMode>False</DesignMode><CollectSourceInformation>False</CollectSourceInformation><TestAdaptersPaths>C:\\Program Files\\dotnet\\sdk\\6.0.100\\Extensions</TestAdaptersPaths></RunConfiguration><LoggerRunSettings><Loggers><Logger friendlyName=\"blame\" enabled=\"True\" /><Logger friendlyName=\"Console\" uri=\"logger://microsoft/TestPlatform/ConsoleLogger/v1\" assemblyQualifiedName=\"Microsoft.VisualStudio.TestPlatform.CommandLine.Internal.ConsoleLogger, vstest.console, Version=15.0.0.0, Culture=neutral, PublicKeyToken=b03f5f7f11d50a3a\" codeBase=\"C:\\Program Files\\dotnet\\sdk\\6.0.100\\vstest.console.dll\" enabled=\"True\" /></Loggers></LoggerRunSettings><DataCollectionRunSettings><DataCollectors><DataCollector friendlyName=\"blame\" enabled=\"True\"><Configuration><ResultsDirectory>C:\\Users\\Ehlimana\\Desktop\\Cvjecara\\Zadatak 2\\bin\\Debug\\net5.0\\fine-code-coverage\\coverage-tool-output</ResultsDirectory></Configuration></DataCollector></DataCollectors></DataCollectionRunSettings></RunSettings>",
  "Sources": [
    "C:\\Users\\Ehlimana\\Desktop\\Cvjecara\\Zadatak 2\\bin\\Debug\\net5.0\\fine-code-coverage\\build-output\\Zadatak 2.dll"
  ],
  "IsTelemetryOptedIn": false
}
TpTrace Verbose: 0 : 12356, 1, 2021/11/15, 13:03:00.187, 9223063880463, datacollector.dll, TestPluginCache: Update extensions started. Skip filter = False
TpTrace Verbose: 0 : 12356, 1, 2021/11/15, 13:03:00.187, 9223063887388, datacollector.dll, TestPluginCache: Using directories for assembly resolution 'C:\Program Files\dotnet\sdk\6.0.100\Extensions'.
TpTrace Verbose: 0 : 12356, 1, 2021/11/15, 13:03:00.187, 9223063888149, datacollector.dll, TestPluginCache: Updated the available extensions to 'C:\Program Files\dotnet\sdk\6.0.100\Extensions\Microsoft.TestPlatform.Extensions.BlameDataCollector.dll,C:\Program Files\dotnet\sdk\6.0.100\Extensions\Microsoft.TestPlatform.Extensions.EventLogCollector.dll'.
TpTrace Verbose: 0 : 12356, 1, 2021/11/15, 13:03:00.195, 9223063965945, datacollector.dll, TestPluginCache.DiscoverTestExtensions: finding test extensions in assemblies ends with: Collector.dll TPluginInfo: Microsoft.VisualStudio.TestPlatform.Common.DataCollector.DataCollectorConfig TExtension: Microsoft.VisualStudio.TestPlatform.ObjectModel.DataCollection.DataCollector
TpTrace Verbose: 0 : 12356, 1, 2021/11/15, 13:03:00.195, 9223063968523, datacollector.dll, TestPluginCache.GetExtensionPaths: Filtered extension paths: C:\Program Files\dotnet\sdk\6.0.100\Extensions\Microsoft.TestPlatform.Extensions.BlameDataCollector.dll
C:\Program Files\dotnet\sdk\6.0.100\Extensions\Microsoft.TestPlatform.Extensions.EventLogCollector.dll
TpTrace Verbose: 0 : 12356, 1, 2021/11/15, 13:03:00.195, 9223063969202, datacollector.dll, TestPluginCache.GetExtensionPaths: Added default extension paths: 
TpTrace Verbose: 0 : 12356, 1, 2021/11/15, 13:03:00.195, 9223063969542, datacollector.dll, TestPluginCache.GetExtensionPaths: Added unfilterableExtensionPaths: 
TpTrace Information: 0 : 12356, 1, 2021/11/15, 13:03:00.196, 9223063975231, datacollector.dll, AssemblyResolver.ctor: Creating AssemblyResolver with searchDirectories C:\Program Files\dotnet\sdk\6.0.100\Extensions,C:\Program Files\dotnet\sdk\6.0.100
TpTrace Verbose: 0 : 12356, 1, 2021/11/15, 13:03:00.197, 9223063987400, datacollector.dll, TestPluginCache.DiscoverTestExtensions: Discovering the extensions using extension path.
TpTrace Verbose: 0 : 12356, 1, 2021/11/15, 13:03:00.197, 9223063989364, datacollector.dll, TestPluginCache.GetExtensionPaths: Filtered extension paths: C:\Program Files\dotnet\sdk\6.0.100\Extensions\Microsoft.TestPlatform.Extensions.BlameDataCollector.dll
C:\Program Files\dotnet\sdk\6.0.100\Extensions\Microsoft.TestPlatform.Extensions.EventLogCollector.dll
TpTrace Verbose: 0 : 12356, 1, 2021/11/15, 13:03:00.198, 9223063989969, datacollector.dll, TestPluginCache.GetExtensionPaths: Added default extension paths: 
TpTrace Verbose: 0 : 12356, 1, 2021/11/15, 13:03:00.198, 9223063990442, datacollector.dll, TestPluginCache.GetExtensionPaths: Added unfilterableExtensionPaths: 
TpTrace Verbose: 0 : 12356, 1, 2021/11/15, 13:03:00.198, 9223063991203, datacollector.dll, TestPluginCache.DiscoverTestExtensions: Discovering the extensions using allExtensionPaths: C:\Program Files\dotnet\sdk\6.0.100\Extensions\Microsoft.TestPlatform.Extensions.BlameDataCollector.dll
C:\Program Files\dotnet\sdk\6.0.100\Extensions\Microsoft.TestPlatform.Extensions.EventLogCollector.dll
TpTrace Information: 0 : 12356, 1, 2021/11/15, 13:03:00.198, 9223063992251, datacollector.dll, AssemblyResolver.AddSearchDirectories: Adding more searchDirectories C:\Program Files\dotnet\sdk\6.0.100\Extensions,C:\Program Files\dotnet\sdk\6.0.100
TpTrace Information: 0 : 12356, 1, 2021/11/15, 13:03:00.198, 9223063992791, datacollector.dll, AssemblyResolver.AddSearchDirectories: Adding more searchDirectories C:\Program Files\dotnet\sdk\6.0.100\Extensions,C:\Program Files\dotnet\sdk\6.0.100
TpTrace Information: 0 : 12356, 1, 2021/11/15, 13:03:00.198, 9223063997420, datacollector.dll, AssemblyResolver.OnResolve: Microsoft.TestPlatform.Extensions.BlameDataCollector: Resolving assembly.
TpTrace Information: 0 : 12356, 1, 2021/11/15, 13:03:00.198, 9223063998224, datacollector.dll, AssemblyResolver.OnResolve: Microsoft.TestPlatform.Extensions.BlameDataCollector: Searching in: 'C:\Program Files\dotnet\sdk\6.0.100\Extensions'.
TpTrace Information: 0 : 12356, 1, 2021/11/15, 13:03:00.199, 9223064002706, datacollector.dll, AssemblyResolver.OnResolve: Microsoft.TestPlatform.Extensions.BlameDataCollector: Loading assembly 'C:\Program Files\dotnet\sdk\6.0.100\Extensions\Microsoft.TestPlatform.Extensions.BlameDataCollector.dll'.
TpTrace Information: 0 : 12356, 1, 2021/11/15, 13:03:00.199, 9223064007873, datacollector.dll, AssemblyResolver.OnResolve: Resolved assembly: Microsoft.TestPlatform.Extensions.BlameDataCollector, from path: C:\Program Files\dotnet\sdk\6.0.100\Extensions\Microsoft.TestPlatform.Extensions.BlameDataCollector.dll
TpTrace Error: 0 : 12356, 1, 2021/11/15, 13:03:00.206, 9223064070548, datacollector.dll, The type "Microsoft.TestPlatform.Extensions.BlameDataCollector.BlameCollector" defined in "Microsoft.TestPlatform.Extensions.BlameDataCollector.dll" does not have ExtensionUri attribute.
TpTrace Information: 0 : 12356, 1, 2021/11/15, 13:03:00.207, 9223064087032, datacollector.dll, AssemblyResolver.OnResolve: Microsoft.TestPlatform.Extensions.EventLogCollector: Resolving assembly.
TpTrace Information: 0 : 12356, 1, 2021/11/15, 13:03:00.207, 9223064088081, datacollector.dll, AssemblyResolver.OnResolve: Microsoft.TestPlatform.Extensions.EventLogCollector: Searching in: 'C:\Program Files\dotnet\sdk\6.0.100\Extensions'.
TpTrace Information: 0 : 12356, 1, 2021/11/15, 13:03:00.208, 9223064091661, datacollector.dll, AssemblyResolver.OnResolve: Microsoft.TestPlatform.Extensions.EventLogCollector: Loading assembly 'C:\Program Files\dotnet\sdk\6.0.100\Extensions\Microsoft.TestPlatform.Extensions.EventLogCollector.dll'.
TpTrace Information: 0 : 12356, 1, 2021/11/15, 13:03:00.208, 9223064095796, datacollector.dll, AssemblyResolver.OnResolve: Resolved assembly: Microsoft.TestPlatform.Extensions.EventLogCollector, from path: C:\Program Files\dotnet\sdk\6.0.100\Extensions\Microsoft.TestPlatform.Extensions.EventLogCollector.dll
TpTrace Error: 0 : 12356, 1, 2021/11/15, 13:03:00.210, 9223064112283, datacollector.dll, The type "Microsoft.TestPlatform.Extensions.EventLogCollector.EventLogDataCollector" defined in "Microsoft.TestPlatform.Extensions.EventLogCollector.dll" does not have ExtensionUri attribute.
TpTrace Verbose: 0 : 12356, 1, 2021/11/15, 13:03:00.210, 9223064115850, datacollector.dll, TestPluginCache: Discovered the extensions using extension path 'C:\Program Files\dotnet\sdk\6.0.100\Extensions\Microsoft.TestPlatform.Extensions.BlameDataCollector.dll,C:\Program Files\dotnet\sdk\6.0.100\Extensions\Microsoft.TestPlatform.Extensions.EventLogCollector.dll'.
TpTrace Verbose: 0 : 12356, 1, 2021/11/15, 13:03:00.210, 9223064116448, datacollector.dll, TestPluginCache: Discoverers are ''.
TpTrace Verbose: 0 : 12356, 1, 2021/11/15, 13:03:00.210, 9223064116792, datacollector.dll, TestPluginCache: Executors are ''.
TpTrace Verbose: 0 : 12356, 1, 2021/11/15, 13:03:00.210, 9223064117160, datacollector.dll, TestPluginCache: Executors2 are ''.
TpTrace Verbose: 0 : 12356, 1, 2021/11/15, 13:03:00.210, 9223064117453, datacollector.dll, TestPluginCache: Setting providers are ''.
TpTrace Verbose: 0 : 12356, 1, 2021/11/15, 13:03:00.210, 9223064117745, datacollector.dll, TestPluginCache: Loggers are ''.
TpTrace Information: 0 : 12356, 1, 2021/11/15, 13:03:00.211, 9223064128565, datacollector.dll, TestPluginManager.CreateTestExtension: Attempting to load test extension: Microsoft.TestPlatform.Extensions.BlameDataCollector.BlameCollector
TpTrace Error: 0 : 12356, 1, 2021/11/15, 13:03:00.212, 9223064131071, datacollector.dll, The type "Microsoft.TestPlatform.Extensions.BlameDataCollector.BlameCollector" defined in "Microsoft.TestPlatform.Extensions.BlameDataCollector.dll" does not have ExtensionUri attribute.
TpTrace Information: 0 : 12356, 1, 2021/11/15, 13:03:00.250, 9223064516187, datacollector.dll, Listening on Endpoint : 127.0.0.1:59739
TpTrace Information: 0 : 12356, 1, 2021/11/15, 13:03:00.355, 9223065567368, datacollector.dll, DataCollectionRequestHandler.ProcessRequests : DataCollection started.
TpTrace Information: 0 : 12356, 1, 2021/11/15, 13:03:00.404, 9223066054741, datacollector.dll, DataCollectionRequestHandler.ProcessRequests : Datacollector received message: (DataCollection.TestHostLaunched) -> {
  "ProcessId": 14796
}
TpTrace Information: 0 : 12356, 5, 2021/11/15, 13:03:00.857, 9223070585217, datacollector.dll, Using the buffer size of 16384 bytes
TpTrace Information: 0 : 12356, 5, 2021/11/15, 13:03:00.857, 9223070586524, datacollector.dll, Accepted Client request and set the flag
TpTrace Information: 0 : 12356, 8, 2021/11/15, 13:03:01.594, 9223077959543, datacollector.dll, DataCollectionTestCaseEventHandler: Test case starting.
TpTrace Information: 0 : 12356, 8, 2021/11/15, 13:03:01.721, 9223079223240, datacollector.dll, Blame Collector : Test Case Start
TpTrace Information: 0 : 12356, 8, 2021/11/15, 13:03:01.721, 9223079228384, datacollector.dll, DataCollectionTestCaseEventHandler: Test case 'TestZamjenskiObjekat - 9c638289-8590-3052-dee0-7862ea4fdd40' started.
TpTrace Information: 0 : 12356, 8, 2021/11/15, 13:03:01.781, 9223079820412, datacollector.dll, DataCollectionTestCaseEventHandler : Test case completing.
TpTrace Information: 0 : 12356, 8, 2021/11/15, 13:03:01.789, 9223079899934, datacollector.dll, Blame Collector : Test Case End
TpTrace Information: 0 : 12356, 8, 2021/11/15, 13:03:01.793, 9223079942231, datacollector.dll, DataCollectionTestCaseEventHandler: Test case 'TestZamjenskiObjekat - 9c638289-8590-3052-dee0-7862ea4fdd40' completed
TpTrace Information: 0 : 12356, 8, 2021/11/15, 13:03:01.807, 9223080087170, datacollector.dll, DataCollectionTestCaseEventHandler: Test case starting.
TpTrace Information: 0 : 12356, 8, 2021/11/15, 13:03:01.808, 9223080096379, datacollector.dll, Blame Collector : Test Case Start
TpTrace Information: 0 : 12356, 8, 2021/11/15, 13:03:01.808, 9223080099369, datacollector.dll, DataCollectionTestCaseEventHandler: Test case 'ProljetnaNabavka - 4b06bb5e-1c99-0d64-28aa-7e7aab1bc1b6' started.
TpTrace Information: 0 : 12356, 8, 2021/11/15, 13:03:01.997, 9223081989515, datacollector.dll, DataCollectionTestCaseEventHandler : Test case completing.
TpTrace Information: 0 : 12356, 8, 2021/11/15, 13:03:01.998, 9223081995680, datacollector.dll, Blame Collector : Test Case End
TpTrace Information: 0 : 12356, 8, 2021/11/15, 13:03:01.998, 9223081998887, datacollector.dll, DataCollectionTestCaseEventHandler: Test case 'ProljetnaNabavka - 4b06bb5e-1c99-0d64-28aa-7e7aab1bc1b6' completed
TpTrace Information: 0 : 12356, 8, 2021/11/15, 13:03:02.000, 9223082017112, datacollector.dll, DataCollectionTestCaseEventHandler: Test case starting.
TpTrace Information: 0 : 12356, 8, 2021/11/15, 13:03:02.001, 9223082023180, datacollector.dll, Blame Collector : Test Case Start
TpTrace Information: 0 : 12356, 8, 2021/11/15, 13:03:02.001, 9223082025076, datacollector.dll, DataCollectionTestCaseEventHandler: Test case 'JesenjaNabavka - ccf0aab8-346b-0d16-f101-5fa70e339703' started.
TpTrace Information: 0 : 12356, 8, 2021/11/15, 13:03:02.006, 9223082079149, datacollector.dll, DataCollectionTestCaseEventHandler : Test case completing.
TpTrace Information: 0 : 12356, 8, 2021/11/15, 13:03:02.007, 9223082084656, datacollector.dll, Blame Collector : Test Case End
TpTrace Information: 0 : 12356, 8, 2021/11/15, 13:03:02.007, 9223082087020, datacollector.dll, DataCollectionTestCaseEventHandler: Test case 'JesenjaNabavka - ccf0aab8-346b-0d16-f101-5fa70e339703' completed
TpTrace Information: 0 : 12356, 8, 2021/11/15, 13:03:02.008, 9223082099436, datacollector.dll, DataCollectionTestCaseEventHandler: Test case starting.
TpTrace Information: 0 : 12356, 8, 2021/11/15, 13:03:02.009, 9223082103430, datacollector.dll, Blame Collector : Test Case Start
TpTrace Information: 0 : 12356, 8, 2021/11/15, 13:03:02.009, 9223082105421, datacollector.dll, DataCollectionTestCaseEventHandler: Test case 'NedozvoljenaNabavkaLjetiIliZimi - 145ff668-39f1-fe91-9714-a4b712e0c4a3' started.
TpTrace Information: 0 : 12356, 8, 2021/11/15, 13:03:02.014, 9223082151639, datacollector.dll, DataCollectionTestCaseEventHandler : Test case completing.
TpTrace Information: 0 : 12356, 8, 2021/11/15, 13:03:02.014, 9223082155897, datacollector.dll, Blame Collector : Test Case End
TpTrace Information: 0 : 12356, 8, 2021/11/15, 13:03:02.014, 9223082158491, datacollector.dll, DataCollectionTestCaseEventHandler: Test case 'NedozvoljenaNabavkaLjetiIliZimi - 145ff668-39f1-fe91-9714-a4b712e0c4a3' completed
TpTrace Information: 0 : 12356, 8, 2021/11/15, 13:03:02.015, 9223082167483, datacollector.dll, DataCollectionTestCaseEventHandler: Test case starting.
TpTrace Information: 0 : 12356, 8, 2021/11/15, 13:03:02.016, 9223082171464, datacollector.dll, Blame Collector : Test Case Start
TpTrace Information: 0 : 12356, 8, 2021/11/15, 13:03:02.016, 9223082172982, datacollector.dll, DataCollectionTestCaseEventHandler: Test case 'NedozvoljeneSrednjeNabavke - d1405f81-bd4c-8304-2ad5-76f8fe65be8c' started.
TpTrace Information: 0 : 12356, 8, 2021/11/15, 13:03:02.018, 9223082196026, datacollector.dll, DataCollectionTestCaseEventHandler : Test case completing.
TpTrace Information: 0 : 12356, 8, 2021/11/15, 13:03:02.019, 9223082201092, datacollector.dll, Blame Collector : Test Case End
TpTrace Information: 0 : 12356, 8, 2021/11/15, 13:03:02.019, 9223082203571, datacollector.dll, DataCollectionTestCaseEventHandler: Test case 'NedozvoljeneSrednjeNabavke - d1405f81-bd4c-8304-2ad5-76f8fe65be8c' completed
TpTrace Information: 0 : 12356, 8, 2021/11/15, 13:03:02.023, 9223082242228, datacollector.dll, DataCollectionTestCaseEventHandler: Test session ended
TpTrace Information: 0 : 12356, 1, 2021/11/15, 13:03:02.102, 9223083034384, datacollector.dll, DataCollectionRequestHandler.ProcessRequests : Datacollector received message: (DataCollection.AfterTestRunEnd) -> false
TpTrace Information: 0 : 12356, 1, 2021/11/15, 13:03:02.103, 9223083043398, datacollector.dll, Blame Collector : Session End
TpTrace Information: 0 : 12356, 1, 2021/11/15, 13:03:02.103, 9223083044648, datacollector.dll, BlameCollector.CollectDumpAndAbortTesthost: Custom path to dump directory was provided via VSTEST_DUMP_PATH. Skipping attachment upload, the caller is responsible for collecting and uploading the dumps themselves.
TpTrace Information: 0 : 12356, 1, 2021/11/15, 13:03:02.103, 9223083046288, datacollector.dll, DataCollectionManager.CleanupPlugins: CleanupPlugins called
TpTrace Verbose: 0 : 12356, 1, 2021/11/15, 13:03:02.103, 9223083046958, datacollector.dll, DataCollectionManager.CleanupPlugins: Cleaning up 1 plugins
TpTrace Verbose: 0 : 12356, 1, 2021/11/15, 13:03:02.103, 9223083048398, datacollector.dll, dataCollectorInfo.DisposeDataCollector: calling Dispose() on Microsoft.TestPlatform.Extensions.BlameDataCollector.BlameCollector
TpTrace Information: 0 : 12356, 1, 2021/11/15, 13:03:02.103, 9223083049272, datacollector.dll, DataCollectionManager.CleanupPlugins: CleanupPlugins finished
TpTrace Information: 0 : 12356, 1, 2021/11/15, 13:03:02.106, 9223083072626, datacollector.dll, DataCollectionRequestHandler.ProcessRequests : Session End message received from server. Closing the connection.
TpTrace Information: 0 : 12356, 1, 2021/11/15, 13:03:02.106, 9223083075701, datacollector.dll, Closing the connection !
TpTrace Information: 0 : 12356, 1, 2021/11/15, 13:03:02.106, 9223083076322, datacollector.dll, DataCollectionRequestHandler.ProcessRequests : DataCollection completed
TpTrace Information: 0 : 12356, 1, 2021/11/15, 13:03:02.106, 9223083076662, datacollector.dll, Program.Main: exiting datacollector process.
